<?xml version="1.0" encoding="UTF-8"?>
<testng-results skipped="0" failed="0" ignored="0" total="1" passed="1">
  <reporter-output>
  </reporter-output>
  <suite name="Default suite" duration-ms="19039" started-at="2022-08-25T16:38:03Z" finished-at="2022-08-25T16:38:22Z">
    <groups>
    </groups>
    <test name="Default test" duration-ms="19039" started-at="2022-08-25T16:38:03Z" finished-at="2022-08-25T16:38:22Z">
      <class name="com.fp.flipkart.RootClass">
        <test-method status="PASS" signature="Btest()[pri:0, instance:com.fp.flipkart.RootClass@2bb7bd00]" name="Btest" is-config="true" duration-ms="12794" started-at="2022-08-25T16:38:03Z" finished-at="2022-08-25T16:38:16Z">
          <reporter-output>
          </reporter-output>
        </test-method> <!-- Btest -->
        <test-method status="PASS" signature="Test1()[pri:0, instance:com.fp.flipkart.RootClass@2bb7bd00]" name="Test1" duration-ms="5563" started-at="2022-08-25T16:38:16Z" finished-at="2022-08-25T16:38:22Z">
          <reporter-output>
          </reporter-output>
        </test-method> <!-- Test1 -->
        <test-method status="PASS" signature="atest()[pri:0, instance:com.fp.flipkart.RootClass@2bb7bd00]" name="atest" is-config="true" duration-ms="669" started-at="2022-08-25T16:38:22Z" finished-at="2022-08-25T16:38:22Z">
          <reporter-output>
          </reporter-output>
        </test-method> <!-- atest -->
      </class> <!-- com.fp.flipkart.RootClass -->
    </test> <!-- Default test -->
  </suite> <!-- Default suite -->
</testng-results>
